<?xml version="1.0" encoding="UTF-8"?>
<!-- Generated by org.testng.reporters.JUnitXMLReporter -->
<testsuite ignored="0" hostname="Viveks-MacBook-Pro.local" failures="0" tests="3" name="Default test" time="3.638" errors="0" timestamp="2023-04-09T15:28:51 GMT-06:00">
  <testcase classname="Files.DynamicJson" name="AddBook" time="2.293"/>
  <testcase classname="Files.DynamicJson" name="AddBook" time="0.69"/>
  <testcase classname="Files.DynamicJson" name="AddBook" time="0.611"/>
</testsuite> <!-- Default test -->
