<?xml version="1.0" encoding="UTF-8"?>
<testng-results ignored="0" total="3" passed="3" failed="0" skipped="0">
  <reporter-output>
  </reporter-output>
  <suite started-at="2023-04-09T15:28:43 GMT-06:00" name="Default suite" finished-at="2023-04-09T15:28:46 GMT-06:00" duration-ms="3638">
    <groups>
    </groups>
    <test started-at="2023-04-09T15:28:43 GMT-06:00" name="Default test" finished-at="2023-04-09T15:28:46 GMT-06:00" duration-ms="3638">
      <class name="Files.DynamicJson">
        <test-method signature="AddBook(java.lang.String,java.lang.String)[pri:0, instance:Files.DynamicJson@49c7b90e]" started-at="2023-04-09T15:28:43 GMT-06:00" name="AddBook" data-provider="BooksData" finished-at="2023-04-09T15:28:45 GMT-06:00" duration-ms="2293" status="PASS">
          <params>
            <param index="0">
              <value>
                <![CDATA[hbzhc]]>
              </value>
            </param>
            <param index="1">
              <value>
                <![CDATA[378437]]>
              </value>
            </param>
          </params>
          <reporter-output>
          </reporter-output>
        </test-method> <!-- AddBook -->
        <test-method signature="AddBook(java.lang.String,java.lang.String)[pri:0, instance:Files.DynamicJson@49c7b90e]" started-at="2023-04-09T15:28:45 GMT-06:00" name="AddBook" data-provider="BooksData" finished-at="2023-04-09T15:28:46 GMT-06:00" duration-ms="690" status="PASS">
          <params>
            <param index="0">
              <value>
                <![CDATA[vxjbv]]>
              </value>
            </param>
            <param index="1">
              <value>
                <![CDATA[88242]]>
              </value>
            </param>
          </params>
          <reporter-output>
          </reporter-output>
        </test-method> <!-- AddBook -->
        <test-method signature="AddBook(java.lang.String,java.lang.String)[pri:0, instance:Files.DynamicJson@49c7b90e]" started-at="2023-04-09T15:28:46 GMT-06:00" name="AddBook" data-provider="BooksData" finished-at="2023-04-09T15:28:46 GMT-06:00" duration-ms="611" status="PASS">
          <params>
            <param index="0">
              <value>
                <![CDATA[dfjsfi]]>
              </value>
            </param>
            <param index="1">
              <value>
                <![CDATA[92428]]>
              </value>
            </param>
          </params>
          <reporter-output>
          </reporter-output>
        </test-method> <!-- AddBook -->
      </class> <!-- Files.DynamicJson -->
    </test> <!-- Default test -->
  </suite> <!-- Default suite -->
</testng-results>
